[   0.000000] Linux version 4.15.0-45-eneric (uildd@lw01-amd64-031 (gcc version 7.3.0 (Ubuntu 7.3.0-16bunt))) #8-bunt SP Tu Jan 29 128:13TC 2019Ubuntu 4.150-5.48-generi 4.1.18)
[    0.000000] Comand lne: OOT_IMAGE=/boot/vmlinu-415.045-generic root=LABEL=cloudimg-rootfs ro console=tty1 console=ttyS0
[   0.00000] KRNEL supporte cpus:
[    0.00000]   Intel GenuineIntel
[    0.000000]   AMD AuthenticAMD
[    0.000000]   Centaur CentaurHauls
[    0.000000] x86/fpu: Supporting XSAVE feature 0x001: 'x87 floating point regiters'
[    0.000000] x86/fpu: upporting XSAE feature 0x002: 'SSE registers'
[    0.000000] x86/fpu: Supporting XSAVE feature 0x004: 'AVX registers'
[    0.000000] x86/fpu: xstate_offset[2]:  576, xstate_sizes[2]:  256
[    0.000000] x86/fpu: Enabled xstate features x7, context size is 832 bytes, using 'standad' format.
[    0.000000] e820: BIOS-provided physical RAM map:
[    0.000000] BIOS-e820: [mem 0x0000000000000000-0x000000000009fbff] usable
[    0.000000] BIOS-e820: [mem 0x00000000009fc00-0x000000000009ffff] reserved
[    0.000000] BIOS-e820: [mem 0x00000000000f0000-0x00000000000fffff] reserved
[    0.000000] BIOS-e820: mem 0x0000000000100000-0x000000003ffeffff] usable
[    0.000000] BIOS-e820: [mem 0x000000003fff0000-0x000000003fffffff] ACPI data
[    0.000000] BIOS-e820: [mem 0x00000000fec00000-0x00000000fec00fff] resrved
[    0.000000] BIOS-e820: [mem 0x00000000fee00000-0x00000000fee00fff] reserved
[    0.000000] BIOS-e820: [mem 0x00000000fffc0000-0x00000000ffffffff] reserved
[   0.000000] NX (Execute Disable) protection: active
[    0.000000] SMBIOS 2.5 present.
[    0.000000] DMI: innotek GmbH VirtualBox/VitualBx, BIOS VirtualBox 12/01/2006
[    0.000000] Hypervisor detected: KVM
[    0.000000] e820: last_pfn = 0x3fff0 max_arch_pfn = 0x400000000
[    0.000000] MTRR: Disabled
[    0.000000] x86/PAT: MTRRs disabled, skipping PAT initialization too.
[    0.000000] CPU MTRRs all blank - virtualized system.
[    0.000000] x86/PAT: Configuration [0-7]: WB  WT  UC- UC  WB  WT  UC- UC  
[    0.000000] found SMP MP-table at [mem 0x0009fff0-0x0009ffff] mapped at [        (ptrval)]
[    0.000000] Scanning 1 areas for low memory corruption
[    0.000000] RAMDISK: [mem 0x35ae1000-0x36d67fff]
[    0.000000] ACPI: Early table hecksumverification disabled
[    0.000000] ACPI: RSDP 0x00000000000E0000 000024 (v02 VBOX  )
[    0.000000] ACPI: XSDT 0x000000003FFF0030 00003C (v01 VBOX   VBOXXSDT 00000001 ASL  00000061)
[    0.000000] ACPI: FACP 0x000000003FFF00F0 0000F4 (v04 VBOX   VBOXFACP 00000001 ASL  00000061)
[    0.000000] ACPI: DSDT 0x000000003FFF0470 0021FF (v02 VBOX   VBOXBIOS 00000002 INTL 20100528)
[   0.000000] ACPI: FACS 0x000000003FFF0200 000040
[    0.000000] ACPI: FACS 0x000000003FFF0200 000040
[    0.000000] ACPI: APIC 0x000000003FFF0240 00005C (v02 VBOX   VBOXAPIC 00000001 ASL  00000061)
[    0.000000] ACPI: SSDT 0x000000003FFF02A0 0001CC (v01 VBOX   VBOXCPUT 00000002 INTL 20100528)
[    0.000000] No NUMA configuration found
[    0.000000] Faking a node at [mem 0x0000000000000000-0x000000003ffeffff]
[    0.000000] NODE_DATA(0) allocated [mem 0x3ffc5000-0x3ffeffff]
[    0.00000] kvm-clock: cpu 0, msr 0:3ff44001, primary cpu clock
[    0.000000] kvm-clock: Using msrs 4b564d01 and 4b564d00
[    0.000000] kvm-clock: using sched offset of 4595275884 cycles
[    0.000000] clocksource: kvm-clock: mask: 0xffffffffffffffff max_cycles: 0x1cd42e4dffb, max_idle_ns: 881590591483 ns
[    0.000000] Zone ranges:
[    0.000000]   DMA      [mem 0x0000000000001000-0x0000000000ffffff]
[    0.000000]   DMA3    [mem 0x000000000100000-0x00000003ffeffff]
[    0.000000]   Normal   empty
[    0.000000]   Device   empty
[    0.000000] Movable zone start for each node
[    0.000000]Early memory noe ranges
[    0.000000]   node   0: [mem 0x0000000000001000-0x000000000009efff]
[    0.000000]   node   0: [mem 0x0000000000100000-0x000000003ffeffff]
[    0.000000] Reserved but unavailable: 114 pages
[    0.000000] Initem setup node 0 [mem 0x0000000000001000-0x000000003ffeffff]
[    0.000000] ACPI: PM-Timer IO Por: 0x4008
[    0.000000] IOAPIC[0]: apic_id 2, verion 32, address 0xfec00000, GSI 0-23
[    0.000000] ACPI: IT_SRC_OVR (bus 0 bus_irq 0 global_irq 2 dfl dfl)
[    0.000000] ACPI: INT_SRC_OVR (bus 0 bus_irq 9 global_irq 9 low level)
[    0.000000] Using ACPI (MADT) for SMP configuration information
[    0.000000] smpboot: Allowing 2 CPUs, 0 hotplug CPUs
[    0.00000] PM: Registered nosave memory: [mem 0x00000000-0x00000fff]
[    0.000000] PM: Registered nosave memory: [mem 0x0009f000-0x0009ffff]
[    0.000000] PM: Registered nosave memory: [mem 0x000a0000-0x000effff]
[    0.000000] PM: Registered nosave memory: [mem 0x000f0000-0x000fffff]
[    0.000000] e820: [mem 0x40000000-0xfebfffff] available for PCI devices
[    0.000000] Booting paravirtualized kernel on KVM
[    0.000000] clocksource: refined-jiffies: mask: 0xffffffff max_cycles: 0xffffffff, max_idle_ns: 7645519600211568 ns
[    0.000000] random: get_random_bytes called from start_kernel+0x99/0x4fd with crng_init=0
[    0.000000] setup_percpu: NR_CPUS:8192 nr_cpumask_bits:2 nr_cpu_ids:2 nr_node_ids:1
[    0.000000] percpu: Embedded 46 pages/cpu @        (ptrval) s151552 r8192 d28672 u1048576
[    0.000000] PV qspinlock hash table entries: 256 (order: 0, 4096 bytes)
[    0.000000] Built 1 zonelists, mobility grouping on.  Total pages: 257913
[    0.000000] Poliy zone: DMA32
[    0.000000] Kernel command line: BOOT_IMAGE=/boot/vmlinuz-4.15.0-45-generic root=LABEL=cloudimg-rootfs ro console=tty1 console=ttyS0
[    0.000000] Memory: 983612K/1048120K available (12300K kernel code, 2473K rwdata, 4252K rodata, 2408K init, 2416K bss, 64508K reserved, 0K cma-reserved)
[    0.000000] SLUB: HWalign=64, Order=0-3, MinObjects=0, CPUs=2, Nodes=1
[   0.000000] Kernel/User page tables isolation: enabled
[    0.000000] ftrace: allocating 39194 entries in 154 pages
[    0.004000] Hierarchical RCU implementation.
[    0.004000] 	RCU restricting CPUs from NR_CPUS=892 to nr_cpu_ids=2.
[   0.004000] 	Tasks RCU enabled.
[    0.004000] CU: Adjusting geometry for rcu_fanout_leaf=16, nr_cpu_ids=2
[    0.004000] NR_IRQS: 524544, nr_irqs: 440, preallocateed rqs: 16
[    0.004000] Console: colour VGA+ 80x25
[    0.004000] console [tty1] enabled
[    0.004000] console [ttyS0] enabled
[    0.004000] ACPI: Core revision 20170831
[    0.004000] ACPI: 2 ACPI AML tables successfully acquired and loaded
[    0.004000] APIC: Switch to symmetric I/O mode setup
[    0.004552] x2apic enabled
[    0.008015] Switched APIC routing to physical x2apic.
[    0.014271] ..TIMER: vector=0x30 apic1=0 pin1=2 apic2=-1 pin2=-1
[    0.016009] tsc: Detected 1104.000 MHz processor
[    0.020019] Calibrating delay loop (skipped) preset value.. 2208.00 BogoMIPS (lpj=4416000)
[    0.024012] pid_max: default: 32768 minimum: 301
[    0.028078] Security Framework initialized
[    0.032011] Yama: becoming mindful.
[    0.034252] AppArmor: AppArmor initialized
[    0.040101] Dentry cache hash table entries: 131072 (order: 8, 1048576 bytes)
[    0.044212] Inode-cache hash table entries: 65536 (order: 7, 524288 bytes)
[    0.048041] Mount-cache hash table entries: 2048 (order: 2, 16384 bytes)
[    0.052061] Mountpoint-cache hash table entries: 2048 (order: 2, 16384 bytes)
[    0.056333] mce: CPU supports 0 MCE banks
[    0.060043] Last level iTLB entries: 4KB 64, 2MB 8, 4MB 8
[    0.063299] Last level dTLB entries: 4KB 64, 2MB 0, 4MB 0, 1GB 4
[    0.064009] Spectre V2 : Mitigation: Full generic retpoline
[    0.068009] Spectre V2 : Spectre v2 / SpectreRSB mitigation: Filling RSB on context switch
[    0.072008] Speculative Store Bypass: Vulnerable
[    0.076206] Freeing SMP alternatives memory: 36K
[    0.084000] smpboot: CPU0: Intel(R) Core(TM) m3-6Y30 CPU @ 0.90GHz (family: 0x6, model: 0x4e, stepping: 0x3)
[    0.084146] Performance Events: unsupported p6 CPU model 78 no PMU driver, software events only.
[    0.088174] Hierarchical SRCU implementation.
[    0.092953] NMI watchdog: Perf event create on CPU 0 failed with -2
[    0.095199] NMI watchdog: Perf NMI watchdog permanently disabled
[    0.096118] smp: Bringing up secondary CPUs ...
[    0.100145] x86: Booting SMP configuration:
[    0.101543] .... node  #0, CPUs:      #1
[    0.004000] kvm-clock: cpu 1, msr 0:3ff44041, secondary cpu clock
[    0.004000] mce: CPU supports 0 MCE banks
[    0.172033] smp: Brought up 1 node, 2 CPUs
[    0.176016] smpboot: Max logical packages: 1
[    0.180008] smpboot: Total of 2 processors activated (4416.00 BogoMIPS)
[    0.181911] devtmpfs: initialized
[    0.184101] x86/mm: Memory block size: 128MB
[    0.188099] evm: security.selinux
[    0.192007] evm: security.SMACK64
[    0.192949] evm: security.SMACK64EXEC
[    0.196005] evm: security.SMACK64TRANSMUTE
[    0.197443] evm: security.SMACK64MMAP
[    0.198666] evm: security.apparmor
[    0.200005] evm: security.ima
[    0.204003] evm: security.capability
[    0.208156] clocksource: jiffies: mask: 0xffffffff max_cycles: 0xffffffff, max_idle_ns: 7645041785100000 ns
[    0.212023] futex hash table entries: 512 (order: 3, 32768 bytes)
[    0.216111] pinctrl core: initialized pinctrl subsystem
[    0.224201] RTC time: 13:08:17, date: 02/21/19
[    0.225748] NET: Registered protocol family 16
[    0.228106] audit: initializing netlink subsys (disabled)
[    0.229764] audit: type=2000 audit(1550754499.079:1): state=initialized audit_enabled=0 res=1
[    0.240013] cpuidle: using governor ladder
[    0.242037] cpuidle: using governor menu
[    0.244066] ACPI: bus type PCI registered
[    0.246016] acpiphp: ACPI Hot Plug PCI Controller Driver version: 0.5
[    0.248195] PCI: Using configuration type 1 for base access
[    0.254077] HugeTLB registered 2.00 MiB page size, pre-allocated 0 pages
[    0.256188] ACPI: Added _OSI(Module Device)
[    0.257575] ACPI: Added _OSI(Processor Device)
[    0.260038] ACPI: Added _OSI(3.0 _SCP Extensions)
[    0.264009] ACPI: Added _OSI(Processor Aggregator Device)
[    0.268005] ACPI: Added _OSI(Linux-Dell-Video)
[    0.272009] ACPI: Added _OSI(Linux-Lenovo-NV-HDMI-Audio)
[    0.273473] ACPI: Added _OSI(Linux-HPI-Hybrid-Graphics)
[    0.275307] ACPI: Executed 1 blocks of module-level executable AML code
[    0.283552] ACPI: Interpreter enabled
[    0.284029] ACPI: (supports S0 S5)
[    0.288005] ACPI: Using IOAPIC for interrupt routing
[    0.290009] PCI: Using host bridge windows from ACPI; if necessary, use "pci=nocrs" and report a bug
[    0.292283] ACPI: Enabled 2 GPEs in block 00 to 07
[    0.306864] ACPI: PCI Root Bridge [PCI0] (domain 0000 [bus 00-ff])
[    0.308018] acpi PNP0A03:00: _OSC: OS supports [ASPM ClockPM Segments MSI]
[    0.312048] acpi PNP0A03:00: _OSC: not requesting OS control; OS requires [ExtendedConfig ASPM ClockPM MSI]
[    0.314775] acpi PNP0A03:00: fail to add MMCONFIG information, can't access extended PCI configuration space under this bridge.
[    0.316611] PCI host bridge to bus 0000:00
[    0.318021] pci_bus 0000:00: root bus resource [io  0x0000-0x0cf7 window]
[    0.320012] pci_bus 0000:00: root bus resource [io  0x0d00-0xffff window]
[    0.324012] pci_bus 0000:00: root bus resource [mem 0x000a0000-0x000bffff window]
[    0.328013] pci_bus 0000:00: root bus resource [mem 0x40000000-0xfdffffff window]
[    0.332009] pci_bus 0000:00: root bus resource [bus 00-ff]
[    0.343223] pci 0000:00:01.1: legacy IDE quirk: reg 0x10: [io  0x01f0-0x01f7]
[    0.344014] pci 0000:00:01.1: legacy IDE quirk: reg 0x14: [io  0x03f6]
[    0.348013] pci 0000:00:01.1: legacy IDE quirk: reg 0x18: [io  0x0170-0x0177]
[    0.352014] pci 0000:00:01.1: legacy IDE quirk: reg 0x1c: [io  0x0376]
[    0.397727] pci 0000:00:07.0: quirk: [io  0x4000-0x403f] claimed by PIIX4 ACPI
[    0.400084] pci 0000:00:07.0: quirk: [io  0x4100-0x410f] claimed by PIIX4 SMB
[    0.453878] ACPI: PCI Interrupt Link [LNKA] (IRQs 5 9 10 *11)
[    0.461919] ACPI: PCI Interrupt Link [LNKB] (IRQs 5 9 *10 11)
[    0.465591] ACPI: PCI Interrupt Link [LNKC] (IRQs 5 *9 10 11)
[    0.473608] ACPI: PCI Interrupt Link [LNKD] (IRQs 5 9 10 *11)
[    0.476590] SCSI subsystem initialized
[    0.484086] pci 0000:00:02.0: vgaarb: setting as boot VGA device
[    0.486035] pci 0000:00:02.0: vgaarb: VGA device added: decodes=io+mem,owns=io+mem,locks=none
[    0.488012] pci 0000:00:02.0: vgaarb: bridge control possible
[    0.492009] vgaarb: loaded
[    0.496074] ACPI: bus type USB registered
[    0.497541] usbcore: registered new interface driver usbfs
[    0.499373] usbcore: registered new interface driver hub
[    0.500061] usbcore: registered new device driver usb
[    0.504139] EDAC MC: Ver: 3.0.0
[    0.508372] PCI: Using ACPI for IRQ routing
[    0.512515] NetLabel: Initializing
[    0.516006] NetLabel:  domain hash size = 128
[    0.520006] NetLabel:  protocols = UNLABELED CIPSOv4 CALIPSO
[    0.524049] NetLabel:  unlabeled traffic allowed by default
[    0.528179] clocksource: Switched to clocksource kvm-clock
[    0.6090]VF: Disk quotas dquot_6.6.0
[    0.767351] VFS: Dquot-cache hash tab eries: 512 (order 0, 4096 bytes)
[    0.92] ppArmor: AppAorilesystem Enabled
[    1.312338] pp: PnP ACPI init
[    1.411090] pnp: PnP ACPI: found 3 devices

[  1.429838] clocoue:cppm mk:xfffmacyes 0xffffff, max_idle_ns: 208570124s
[    2.268593] NET Risred protocol family 2

[    .43886]TCesblheha tlentres: 8192 (order: , 53byts)

[    3.275392] TCP bind hash table entries: 8192 (order: 5, 131072 bytes)
[    3.277659] TCP: Hash tales configured (established 8192 bind 8192)
[   .3022]UDhash table entries: 512 (ordr: 2, 16384 bytes)
[  372787] UDP-Lite hash tale entries: 512 (oder: 2, 16384 bytes)
[   .958720] NET: Registered protocol family 1
[    4.027169] pci 0000:00:00.0: Limiting direct PCI/PCI transfers
[    4.029161] pci000:00:01.0: Activating ISA DMA hang workarounds
[    4.177540pc 00:002.0: Video device with shadowed ROM at [mem 0x000c0000-0x000dffff]

[    4.426613] Unpacking initramfs...
[    5.074554] Freeing initrd memory: 18972K
[    5.114179] platform rtc_cmos: registered platform RTC device (no PNP device found)
[    5.123847] Scanning for low memory corruption every 60 seconds
[    5.159945] Initialise system trusted keyrings
[    5.165414] Key type blacklist registered
[    5.177229] workingset: timestamp_bits=36 max_order=18 bucket_order=0
[    5.180833] zbud: loaded
[    5.197766] squashfs: version 4.0 (2009/01/31) Phillip Lougher
[    5.216652] fuse init (API version 7.26)
[    5.228359] Key type asymmetric registered
[    5.239193] Asymmetric key parser 'x509' registered
[    5.241076] Block layer SCSI generic (bsg) driver version 0.4 loaded (major 246)
[    5.243640] io scheduler noop registered
[    5.244817] io scheduler deadline registered
[    5.246056] io scheduler cfq registered (default)
[    5.266808] ACPI: AC Adapter [AC] (off-line)
[    5.276787] input: Power Button as /devices/LNXSYSTM:00/LNXPWRBN:00/input/input0
[    5.278852] ACPI: Power Button [PWRF]
[    5.280050] input: Sleep Button as /devices/LNXSYSTM:00/LNXSLPBN:00/input/input1
[    5.287421] ACPI: Sleep Button [SLPF]
[    5.297612] Serial: 8250/16550 driver, 32 ports, IRQ sharing enabled
[    5.299755] ACPI: Battery Slot [BAT0] (battery present)
[    5.342739] 00:02: ttyS0 at I/O 0x3f8 (irq = 4, base_baud = 115200) is a 16550A
[    5.349788] Linux agpgart interface v0.103
[    5.354812] loop: module loaded
[    5.358094] scsi host0: ata_piix
[    5.360118] scsi host1: ata_piix
[    5.365036] ata1: PATA max UDMA/33 cmd 0x1f0 ctl 0x3f6 bmdma 0xd000 irq 14
[    5.367332] ata2: PATA max UDMA/33 cmd 0x170 ctl 0x376 bmdma 0xd008 irq 15
[    5.369707] libphy: Fixed MDIO Bus: probed
[    5.372920] tun: Universal TUN/TAP device driver, 1.6
[    5.374323] PPP generic driver version 2.4.2
[    5.382310] ehci_hcd: USB 2.0 'Enhanced' Host Controller (EHCI) Driver
[    5.393967] ehci-pci: EHCI PCI platform driver
[    5.395519] ehci-platform: EHCI generic platform driver
[    5.397449] ohci_hcd: USB 1.1 'Open' Host Controller (OHCI) Driver
[    5.413295] ohci-pci: OHCI PCI platform driver
[    5.417112] ohci-platform: OHCI generic platform driver
[    5.433500] uhci_hcd: USB Universal Host Controller Interface driver
[    5.438068] i8042: PNP: PS/2 Controller [PNP0303:PS2K,PNP0f03:PS2M] at 0x60,0x64 irq 1,12
[    5.455316] serio: i8042 KBD port at 0x60,0x64 irq 1
[    5.465097] serio: i8042 AUX port at 0x60,0x64 irq 12
[    5.473064] mousedev: PS/2 mouse device common for all mice
[    5.474860] input: AT Translated Set 2 keyboard as /devices/platform/i8042/serio0/input/input2
[    5.489135] rtc_cmos rtc_cmos: rtc core: registered rtc_cmos as rtc0
[    5.496752] rtc_cmos rtc_cmos: alarms up to one day, 114 bytes nvram
[    5.501514] i2c /dev entries driver
[    5.502632] pcie_mp2_amd: AMD(R) PCI-E MP2 Communication Driver Version: 1.0
[    5.505693] device-mapper: uevent: version 1.0.3
[    5.507069] device-mapper: ioctl: 4.37.0-ioctl (2017-09-20) initialised: dm-devel@redhat.com
[    5.509939] ledtrig-cpu: registered to indicate activity on CPUs
[    5.518261] NET: Registered protocol family 10
[    5.525846] Segment Routing with IPv6
[    5.530504] NET: Registered protocol family 17
[    5.532611] Key type dns_resolver registered
[    5.541599] RAS: Correctable Errors collector initialized.
[    5.543126] sched_clock: Marking stable (5541476354, 0)->(10443780631, -4902304277)
[    5.548454] registered taskstats version 1
[    5.558772] Loading compiled-in X.509 certificates
[    5.566388] Loaded X.509 cert 'Build time autogenerated kernel key: e3b8f44ffaaceef3e3a84cfaebd8e5a9acebeaad'
[    5.572136] zswap: loaded using pool lzo/zbud
[    5.587841] Key type big_key registered
[    5.590753] Key type trusted registered
[    5.594542] Key type encrypted registered
[    5.605964] AppArmor: AppArmor sha1 policy hashing enabled
[    5.607536] ima: No TPM chip found, activating TPM-bypass! (rc=-19)
[    5.609458] ima: Allocated hash algorithm: sha1
[    5.611611] evm: HMAC attrs: 0x1
[    5.619955]   Magic number: 7:994:129
[    5.621480] rtc_cmos rtc_cmos: setting system clock to 2019-02-21 13:08:23 UTC (1550754503)
[    5.629050] BIOS EDD facility v0.16 2004-Jun-25, 0 devices found
[    5.644153] EDD information not available.
[    5.652161] Freeing  nused kernel memory: 2408K
[    5.668929] Write protecting the kernel read-only data: 20480k
[    5.683241] Freeing unused kernel memory: 2008K
[    5.691584] Freeing unused kernel memory: 1892K
[    5.703248] x86/mm: Checked W+X mappings: passed, no W+X pages found.
[    5.706858] x86/mm: Checking user space page tables
[    5.724417] x86/mm: Checked W+X mappings: passed, no W+X pages found.
Loading, please wait...
starting version 237
[    5.949517] Fusion MPT base driver 3.04.20
[    5.958136] Copyright (c) 1999-2008 LSI Corporation
[    5.974627] e1000: Intel(R) PRO/1000 Network Driver - version 7.3.21-k8-NAPI
[    5.987791] e1000: Copyright (c) 1999-2006 Intel Corporation.
[    6.018048] Fusion MPT SPI Host driver 3.04.20
[    6.045308] AVX2 version of gcm_enc/dec engaged.
[    6.062056] AES CTR mode by8 optimization enabled
[    6.145036] tsc: Refined TSC clocksource calibration: 1104.043 MHz
[    6.217241] clocksource: tsc: mask: 0xffffffffffffffff max_cycles: 0xfea04acdcc, max_idle_ns: 440795250280 ns
[    6.262189] input: ImExPS/2 Generic Explorer Mouse as /devices/platform/i8042/serio1/input/input4
[    7.534987] e1000 0000:00:03.0 eth0: (PCI:33MHz:32-bit) 02:f0:19:99:0e:05
[    8.182192] e1000 0000:00:03.0 eth0: Intel(R) PRO/1000 Network Connection
[    8.190621] mptbase: ioc0: Initiating bringup
[    9.596774] ioc0: LSI53C1030 A0: Capabilities={Initiator}
[   11.399093] scsi host2: ioc0: LSI53C1030 A0, FwRev=00000000h, Ports=1, MaxQ=256, IRQ=20
[   12.777746] scsi 2:0:0:0: Direct-Access     VBOX     HARDDISK         1.0  PQ: 0 ANSI: 5
[   14.946303] scsi target2:0:0: Beginning Domain Validation
[   14.987340] scsi target2:0:0: Domain Validation skipping write tests
[   15.011484] scsi target2:0:0: Ending Domain Validation
[   15.021926] scsi target2:0:0: asynchronous
[   15.023961] scsi 2:0:1:0: Direct-Access     VBOX     HARDDISK         1.0  PQ: 0 ANSI: 5
[   15.306726] scsi target2:0:1: Beginning Domain Validation
[   15.328259] random: fast init done
[   15.330640] scsi target2:0:1: Domain Validation skipping write tests
[   15.335547] e1000 0000:00:08.0 eth1: (PCI:33MHz:32-bit) 08:00:27:9a:8b:20
[   15.335553] e1000 0000:00:08.0 eth1: Intel(R) PRO/1000 Network Connection
[   15.361080] scsi target2:0:1: Ending Domain Validation
[   15.361273] random: systemd-udevd: uninitialized urandom read (16 bytes read)
[   15.361305] random: systemd-udevd: uninitialized urandom read (16 bytes read)
[   15.361312] random: systemd-udevd: uninitialized urandom read (16 bytes read)
[   15.393640] e1000 0000:00:08.0 enp0s8: renamed from eth1
[   15.433009] scsi target2:0:1: asynchronous
[   15.439576] sd 2:0:0:0: [sda] 20971520 512-byte logical blocks: (10.7 GB/10.0 GiB)
[   15.442110] sd 2:0:0:0: Attached scsi generic sg0 type 0
[   15.443893] sd 2:0:0:0: [sda] Write Protect is off
[   15.448149] sd 2:0:0:0: [sda] Incomplete mode parameter data
[   15.449909] sd 2:0:0:0: [sda] Assuming drive cache: write through
[   15.451741] sd 2:0:1:0: [sdb] 20480 512-byte logical blocks: (10.5 MB/10.0 MiB)
[   15.453888] sd 2:0:1:0: [sdb] Write Protect is off
[   15.455241] sd 2:0:1:0: Attached scsi generic sg1 type 0
[   15.457746] sd 2:0:1:0: [sdb] Incomplete mode parameter data
[   15.459246] sd 2:0:1:0: [sdb] Assuming drive cache: write through
[   15.463413] e1000 0000:00:03.0 enp0s3: renamed from eth0
[   15.463692]  sda: sda1
[   15.464639] sd 2:0:0:0: [sda] Attached SCSI disk
[   15.466127] sd 2:0:1:0: [sdb] Attached SCSI disk
Begin: Loading essential drivers ... [   17.268151] raid6: sse2x1   gen()  6424 MB/s
[   17.376279] raid6: sse2x1   xor()  5448 MB/s
[   17.464102] raid6: sse2x2   gen()  8638 MB/s
[   17.572074] raid6: sse2x2   xor()  5396 MB/s
[   17.620356] raid6: sse2x4   gen()  9895 MB/s
[   17.736401] raid6: sse2x4   xor()  6067 MB/s
[   17.866252] raid6: avx2x1   gen() 12998 MB/s
[   18.036273] raid6: avx2x1   xor() 12221 MB/s
[   18.125871] raid6: avx2x2   gen() 16875 MB/s
[   18.192118] raid6: avx2x2   xor()  4915 MB/s
[   18.276162] raid6: avx2x4   gen() 17646 MB/s
[   18.336602] raid6: avx2x4   xor() 11789 MB/s
[   18.350551] raid6: using algorithm avx2x4 gen() 17646 MB/s
[   18.352321] raid6: .... xor() 11789 MB/s, rmw enabled
[   18.437634] raid6: using avx2x2 recovery algorithm
[   18.529369] xor: automatically using best checksumming function   avx       
[   18.579781] async_tx: api initialized (async)
done.
Begin: Running /scripts/init-premount ... done.
Begin: Mounting root file system ... Begin: Running /scripts/local-top ... done.
Begin: Running /scripts/local-premount ... [   18.667077] Btrfs loaded, crc32c=crc32c-intel
Scanning for Btrfs filesystems
done.
Warning: fsck no[   18.808301] EXT4-fs (sda1): INFO: recovery required on readonly filesystem
t present, so skipping root file[   18.914301] EXT4-fs (sda1): write access will be enabled during recovery
 system
[   19.215104] EXT4-fs (sda1): recovery complete
[   19.245653] EXT4-fs (sda1): mounted filesystem with ordered data mode. Opts: (null)
done.
Begin: Running /scripts/local-bottom ... done.
Begin: Running /scripts/init-bottom ... done.
[   19.565552] ip_tables: (C) 2000-2006 Netfilter Core Team
[   19.632324] systemd[1]: systemd 237 running in system mode. (+PAM +AUDIT +SELINUX +IMA +APPARMOR +SMACK +SYSVINIT +UTMP +LIBCRYPTSETUP +GCRYPT +GNUTLS +ACL +XZ +LZ4 +SECCOMP +BLKID +ELFUTILS +KMOD -IDN2 +IDN -PCRE2 default-hierarchy=hybrid)
[   19.768852] systemd[1]: Detected virtualization oracle.
[   19.770419] systemd[1]: Detected architecture x86-64.

Welcome to [1mUbuntu 18.04.1 LTS[0m!

[   19.883548] systemd[1]: Set hostname to <ubuntu-bionic>.
[   20.302709] systemd[1]: Set up automount Arbitrary Executable File Formats File System Automount Point.
[[0;32m  OK  [0m] Set up automount Arbitrary Executab…rmats File System Automount Point.
[   22.979085] systemd[1]: Reached target User and Group Name Lookups.
[[0;32m  OK  [0m] Reached target User and Group Name Lookups.
[   23.576027] systemd[1]: Reached target System Time Synchronized.
[[0;32m  OK  [0m] Reached target System Time Synchronized.
[   25.272638] systemd[1]: Reached target Swap.
[[0;32m  OK  [0m] Reached target Swap.
[   26.451606] systemd[1]: Created slice System Slice.
[[0;32m  OK  [0m] Created slice System Slice.
[   26.548511] systemd[1]: Listening on Journal Socket.
[[0;32m  OK  [0m] Listening on Journal Socket.
[   28.055614] systemd[1]: Mounting POSIX Message Queue File System...
[   28.140901] random: crng init done
[   28.140902] random: 7 urandom warning(s) missed due to ratelimiting
         Mounting POSIX Message Queue File System...
[   28.245668] systemd[1]: Listening on Journal Audit Socket.
[[0;32m  OK  [0m] Listening on Journal Audit Socket.
[   29.521814] systemd[1]: Listening on Network Service Netlink Socket.
[[0;32m  OK  [0m] Listening on Network Service Netlink Socket.
[   31.377406] systemd[1]: Listening on udev Kernel Socket.
[[0;32m  OK  [0m] Listening on udev Kernel Socket.
[   32.491475] systemd[1]: Starting Load Kernel Modules...
         Starting Load Kernel Mo[   32.514502] Loading iSCSI transport class v2.0-870.
dules...
[   32.667853] systemd[1]: Listening on /dev/initctl Compatibility Named Pipe.
[[0;32m  OK  [0m] Listening on /dev/initctl Com[   32.738144] iscsi: registered transport (tcp)
patibility Named Pipe.
[   32.988059] systemd[1]: Starting Create list of required static device nodes for the current kernel...
         Startin[   33.012738] iscsi: registered transport (iser)
g Create list of required st…ce nodes for the current kernel...
[   33.130167] systemd[1]: Starting Set the console keyboard layout...
         Starting Set the console keyboard layout...
[   33.200687] systemd[1]: Listening on Journal Socket (/dev/log).
[[0;32m  OK  [0m] Listening on Journal Socket (/dev/log).
[   33.317906] systemd[1]: Listening on LVM2 metadata daemon socket.
[[0;32m  OK  [0m] Listening on LVM2 metadata daemon socket.
[   33.470290] systemd[1]: Starting Remount Root and Kernel File Systems...
         Startin[   33.558361] EXT4-fs (sda1): re-mounted. Opts: (null)
g Remount Root and Kernel File Systems...
[   33.610335] systemd[1]: Starting Uncomplicated firewall...
         Starting Uncomplicated firewall...
[   33.637551] systemd[1]: Created slice system-serial\x2dgetty.slice.
[[0;32m  OK  [0m] Created slice system-serial\x2dgetty.slice.
[[0;32m  OK  [0m] Created slice User and Session Slice.
[[0;32m  OK  [0m] Reached target Slices.
         Mounting Huge Pages File System...
[[0;32m  OK  [0m] Listening on LVM2 poll daemon socket.
         Mounting Kernel Debug File System...
[[0;32m  OK  [0m] Started Forward Password Requests to Wall Directory Watch.
[[0;32m  OK  [0m] Listening on udev Control Socket.
         Starting udev Coldplug all Devices...
[[0;32m  OK  [0m] Listening on Device-mapper event daemon FIFOs.
         Starting Monitoring of LVM2 mirrors…ng dmeventd or progress polling...
[[0;32m  OK  [0m] Listening on Syslog Socket.
         Starting Journal Service...
[[0;32m  OK  [0m] Mounted POSIX Message Queue File System.
[[0;32m  OK  [0m] Started Load Kernel Modules.
[[0;32m  OK  [0m] Started Create list of required sta…vice nodes for the current kernel.
[[0;32m  OK  [0m] Started Journal Service.
[[0;32m  OK  [0m] Started Set the console keyboard layout.
[[0;32m  OK  [0m] Started Remount Root and Kernel File Systems.
[[0;32m  OK  [0m] Started Uncomplicated firewall.
[[0;32m  OK  [0m] Mounted Huge Pages File System.
[[0;32m  OK  [0m] Mounted Kernel Debug File System.
[[0;32m  OK  [0m] Started LVM2 metadata daemon.
         Starting Initial cloud-init job (pre-networking)...
         Starting Load/Save Random Seed...
         Starting Flush Journal to Persistent Storage...
         Starting Create Static Device Nodes in /dev...
         Mounting FUSE Control File System...
         Starting Apply Kernel Variables...
         Mounting Kernel Configuration File System...
[[0;32m  OK  [0m] Started Monitoring of LVM2 mirrors,…sing dmeventd or progress polling.
[[0;32m  OK  [0m] Started udev Coldplug all Devices.
[[0;32m  OK  [0m] Started Load/Save Random Seed.
[[0;32m  OK  [0m] Started Create Static Device Nodes in /dev.
[[0;32m  OK  [0m] Mounted FUSE Control File System.
[[0;32m  OK  [0m] Started Apply Kernel Variables.
[[0;32m  OK  [0m] Mounted Kernel Configuration File System.
         Starting udev Kernel Device Manager...
[[0;32m  OK  [0m] Reached target Local File Systems (Pre).
[[0;32m  OK  [0m] Reached target Local File Systems.
         Starting Set console font and keymap...
         Starting Tell Plymouth To Write Out Runtime Data...
         Starting AppArmor initialization...
         Starting ebtables ruleset management...
[[0;32m  OK  [0m] Started udev Kernel Device Manager.
[[0;32m  OK  [0m] Started Set console font and keymap.
[[0;32m  OK  [0m] Started Tell Plymouth To Write Out Runtime Data.
[[0;32m  OK  [0m] Started Dispatch Password Requests to Console Directory Watch.
[[0;32m  OK  [0m] Reached target Local Encrypted Volumes.
[[0;32m  OK  [0m] Started ebtables ruleset management.
[[0;32m  OK  [0m] Started Flush Journal to Persistent Storage.
         Starting Create Volatile Files and Directories...
[[0;32m  OK  [0m] Started Create Volatile Files and Directories.
         Starting Update UTMP about System Boot/Shutdown...
[[0;32m  OK  [0m] Started Update UTMP about System Boot/Shutdown.
[[0;32m  OK  [0m] Started AppArmor initialization.
[[0;32m  OK  [0m] Found device /dev/ttyS0.
[[0;32m  OK  [0m] Listening on Load/Save RF Kill Switch Status /dev/rfkill Watch.
[   37.518505] cloud-init[408]: Cloud-init v. 18.4-0ubuntu1~18.04.1 running 'init-local' at Thu, 21 Feb 2019 13:08:54 +0000. Up 37.05 seconds.
[[0;32m  OK  [0m] Started Initial cloud-init job (pre-networking).
[[0;32m  OK  [0m] Reached target Network (Pre).
         Starting Network Service...
[[0;32m  OK  [0m] Started Network Service.
         Starting Network Name Resolution...
         Starting Wait for Network to be Configured...
[[0;32m  OK  [0m] Started Network Name Resolution.
[[0;32m  OK  [0m] Reached target Host and Network Name Lookups.
[[0;32m  OK  [0m] Reached target Network.
[[0;32m  OK  [0m] Started Wait for Network to be Configured.
         Starting Initial cloud-init job (metadata service crawler)...
[   40.306609] cloud-init[659]: Cloud-init v. 18.4-0ubuntu1~18.04.1 running 'init' at Thu, 21 Feb 2019 13:08:57 +0000. Up 40.04 seconds.
[   40.389641] cloud-init[659]: ci-info: ++++++++++++++++++++++++++++++++++++++Net device info+++++++++++++++++++++++++++++++++++++++
[   40.427720] cloud-init[659]: ci-info: +--------+------+-----------------------------+---------------+--------+-------------------+
[   40.451504] cloud-init[659]: ci-info: | Device |  Up  |           Address           |      Mask     | Scope  |     Hw-Address    |
[   40.504559] cloud-init[659]: ci-info: +--------+------+-----------------------------+---------------+--------+-------------------+
[[0;32m  OK  [0m] Started Initial cloud-init job (metadata service crawler).
[   40.634344] cloud-init[659]: ci-info: | enp0s3 | True |          10.0.2.15          | 255.255.255.0 | global | 02:f0:19:99:0e:05 |
[[0;32m  OK  [0m[   40.777143] ] Reached target Cloud-config availability.
cloud-init[659]: ci-info: | enp0s3 | True |  fe80::f0:19ff:fe99:e05/64  |       .       |  link  | 02:f0:19:99:0e:05 |
[[   40.981297] cloud-init[659]: ci-info: | enp0s8 | True |        192.168.33.10        | 255.255.255.0 | global | 08:00:27:9a:8b:20 |
[0;32m  OK  [0m[   40.981672] cloud-init[659]: ci-info: | enp0s8 | True | fe80::a00:27ff:fe9a:8b20/64 |       .       |  link  | 08:00:27:9a:8b:20 |
] Reached target System Initialization.
[   40.982576] cloud-init[659]: ci-info: |   lo   | True |          127.0.0.1          |   255.0.0.0   |  host  |         .         |
[[0;32m  OK  [0m[   41.349533] ] cloud-initStarted Daily apt download activities.[659]: 
ci-info: |   lo   | True |           ::1/128           |       .       |  host  |         .         |
[[   41.388517] cloud-init[659]: ci-info: +--------+------+-----------------------------+---------------+--------+-------------------+
[0;32m  OK  [0m[   41.388911] cloud-init[659]: ci-info: +++++++++++++++++++++++++++++Route IPv4 info+++++++++++++++++++++++++++++
] Started Daily apt upgrade and clean activities.
[   41.389492] cloud-init[659]: ci-info: +-------+--------------+----------+-----------------+-----------+-------+
[[0;32m  OK  [0m] Listening on ACPID Listen Socket.
[   41.661504] [[0;32m  OK  [0m] Started Message of the Day.
cloud-init[659]: ci-info: | Route | Destination  | Gateway  |     Genmask     | Interface | Flags |
         Starting LXD - unix socket.
[   41.845495] [[0;32m  OK  [0m] Started Discard unused blocks once a week.
cloud-init[659]: ci-info: +-------+--------------+----------+-----------------+-----------+-------+
[[   42.057171] [0;32m  OK  [0mcloud-init] [659]: Started ACPI Events Check.ci-info: |   0   |   0.0.0.0    | 10.0.2.2 |     0.0.0.0     |   enp0s3  |   UG  |

         Starting Socket activation for snappy daemon.
[[0;32m  OK  [0m] Listening on UUID daemon activation socket.
[[0;32m  OK  [0m] Listening on D-Bus System Message Bus Socket.
[[0;32m  OK  [0m] Reached target Paths.
[[0;32m  OK  [0m] Started Daily Cleanup of Temporary Directories.
[[0;32m  OK  [0m] Reached target Timers.
[[0;32m  OK  [0m] Listening on Open-iSCSI iscsid Socket.
[[0;32m  OK  [0m] Reached target Network is Online.
[   42.198886] cloud-init[659]: ci-info: |   1   |   10.0.2.0   | 0.0.0.0  |  255.255.255.0  |   enp0s3  |   U   |
[   42.576730] cloud-init[659]: ci-info: |   2   |   10.0.2.2   | 0.0.0.0  | 255.255.255.255 |   enp0s3  |   UH  |
[   42.632557] cloud-init[659]: ci-info: |   3   | 192.168.33.0 | 0.0.0.0  |  255.255.255.0  |   enp0s8  |   U   |
[   42.713281] cloud-init[659]: ci-info: +-------+--------------+----------+-----------------+-----------+-------+
[[0;32m  OK  [0m] Reached target Remote File Systems (Pre).
[[0;32m  OK  [0m] Reached target Remote File Systems.
[   42.761751] cloud-init[659]: ci-info: +++++++++++++++++++Route IPv6 info+++++++++++++++++++
         Starting Availability of block devices...
[[0;32m  OK  [0m] Listening on LXD - unix socket.
[[0;32m  OK  [0m] Listening on Socket activation for snappy daemon.
[[0;32m  OK  [0m] Started Availability of block devices.
[   42.927297] cloud-init[659]: ci-info: +-------+-------------+---------+-----------+-------+
[[0;32m  OK  [0m] Reached target Sockets.
[[0;32m  OK  [0m] Reached target Basic System.
[   43.189395] cloud-init[659]: ci-info: | Route | Destination | Gateway | Interface | Flags |
         Starting vboxadd.service...
[   43.257804] cloud-init[659]: ci-info: +-------+-------------+---------+-----------+-------+         Starting System Logging Service...
[[0;32m  OK  [0m] Started irqbalance daemon.
         Starting Permit User Sessions...

[   43.278136] cloud-init[659]: ci-info: |   1   |  fe80::/64  |    ::   |   enp0s8  |   U   |
         Starting OpenBSD Secure Shell server...
[   43.299963] cloud-init[659]: ci-info: |   2   |  fe80::/64  |    ::   |   enp0s3  |   U   |
[   43.316383] cloud-init[659]: ci-info: |   4   |    local    |    ::   |   enp0s3  |   U   |
[   43.365683] cloud-init[659]: ci-info: |   5   |    local    |    ::   |   enp0s8  |   U   |
[[0;32m  OK  [0m] Started Regular background program processing daemon.
[   43.398663] cloud-init[659]: ci-info: |   6   |   ff00::/8  |    ::   |   enp0s8  |   U   |         Starting LSB: Record successful boot for GRUB...
[[0;32m  OK  [0m] Started Deferred execution scheduler.
         Starting Dispatcher daemon for systemd-networkd...

         Starting Login Service...
[   43.425348] cloud-init[659]: ci-info: |   7   |   ff00::/8  |    ::   |   enp0s3  |   U   |[[0;32m  OK  [0m] Started D-Bus System Message Bus.

[   43.438507] cloud-init[659]: ci-info: +-------+-------------+---------+-----------+-------+
         Starting Accounts Service...
         Starting LSB: automatic crash report generation...
[[0;32m  OK  [0m] Started FUSE filesystem for LXC.
         Starting Snappy daemon...
         Starting LXD - container startup/shutdown...
[[0;32m  OK  [0m] Started System Logging Service.
[[0;32m  OK  [0m] Started Permit User Sessions.
[[0;32m  OK  [0m] Started Login Service.
[[0;32m  OK  [0m] Started OpenBSD Secure Shell server.
         Starting Authorization Manager...
[[0;32m  OK  [0m] Started Unattended Upgrades Shutdown.
         Starting Terminate Plymouth Boot Screen...
         Starting Hold until boot process finishes up...
[[0;32m  OK  [0m] Started LSB: Record successful boot for GRUB.
[[0;32m  OK  [0m] Started LSB: automatic crash report generation.
[[0;32m  OK  [0m] Started Terminate Plymouth Boot Screen.
[[0;32m  OK  [0m] Started Hold until boot process finishes up.
         Starting Set console scheme...
[[0;32m  OK  [0m] Started Serial Getty on ttyS0.
[[0;32m  OK  [0m] Started Authorization Manager.
[[0;32m  OK  [0m] Started Set console scheme.
[[0;32m  OK  [0m] Started Accounts Service.
[[0;32m  OK  [0m] Created slice system-getty.slice.
[[0;32m  OK  [0m] Started Getty on tty1.
[[0;32m  OK  [0m] Reached target Login Prompts.
[[0;32m  OK  [0m] Started LXD - container startup/shutdown.
[[0;32m  OK  [0m] Started vboxadd.service.
         Starting vboxadd-service.service...
[[0;32m  OK  [0m] Started Snappy daemon.
         Starting Wait until snapd is fully seeded...
[[0;32m  OK  [0m] Started Wait until snapd is fully seeded.
[[0;32m  OK  [0m] Started Dispatcher daemon for systemd-networkd.
[[0;32m  OK  [0m] Started vboxadd-service.service.
[[0;32m  OK  [0m] Created slice User Slice of vagrant.
         Starting Apply the settings specified in cloud-config...
[[0;32m  OK  [0m] Reached target Multi-User System.
[[0;32m  OK  [0m] Reached target Graphical Interface.
         Starting Update UTMP about System Runlevel Changes...
         Starting User Manager for UID 1000...
[[0;32m  OK  [0m] Started Session 1 of user vagrant.
[[0;32m  OK  [0m] Started Update UTMP about System Runlevel Changes.
[[0;32m  OK  [0m] Started User Manager for UID 1000.
[   45.700556] cloud-init[1025]: Cloud-init v. 18.4-0ubuntu1~18.04.1 running 'modules:config' at Thu, 21 Feb 2019 13:09:03 +0000. Up 45.45 seconds.
[[0;32m  OK  [0m] Started Apply the settings specified in cloud-config.
         Starting Execute cloud user/final scripts...
[   46.946034] cloud-init[1109]: Cloud-init v. 18.4-0ubuntu1~18.04.1 running 'modules:final' at Thu, 21 Feb 2019 13:09:04 +0000. Up 46.78 seconds.
[   46.958193] cloud-init[1109]: Cloud-init v. 18.4-0ubuntu1~18.04.1 finished at Thu, 21 Feb 2019 13:09:04 +0000. Datasource DataSourceNoCloud [seed=/dev/sdb][dsmode=net].  Up 46.93 seconds
[[0;32m  OK  [0m] Started Execute cloud user/final scripts.
[[0;32m  OK  [0m] Reached target Cloud-init target.

Ubuntu 18.04.1 LTS ubuntu-bionic ttyS0

ubuntu-bionic login: 